04/05/2021, 10:38:52, 4, 0, G:\GIT ANT\reports\sale\inv\outstanding.rpt:Error detected by database DLL.
04/05/2021, 10:39:13, 4, 0, G:\GIT ANT\reports\sale\inv\outstanding.rpt:Error detected by database DLL.
05/05/2021, 14:36:20, 4, 0, G:\GIT ANT\reports\produksi\cetaksop_byprodetail.rpt:Error detected by database DLL.
25/05/2021, 14:40:04, 4, 0, G:\GIT ANT\reports\finance\sale\piutang_kartu.rpt:Error detected by database DLL.
07/06/2021, 15:59:56, 4, 0, G:\GIT ANT\reports\produksi\cetaksop_byprodetail.rpt:Division by zero.
07/06/2021, 15:59:56, 4, 0, G:\GIT ANT\reports\produksi\cetaksop_byprodetail.rpt:Division by zero.
07/06/2021, 16:04:04, 4, 0, G:\GIT ANT\reports\produksi\cetaksop_byprodetail.rpt:Division by zero.
07/06/2021, 16:04:04, 4, 0, G:\GIT ANT\reports\produksi\cetaksop_byprodetail.rpt:Division by zero.
07/06/2021, 16:35:26, 4, 0, G:\GIT ANT\reports\produksi\cetaksop_byprodetail.rpt:Division by zero.
07/06/2021, 16:35:26, 4, 0, G:\GIT ANT\reports\produksi\cetaksop_byprodetail.rpt:Division by zero.
07/06/2021, 16:35:36, 4, 0, G:\GIT ANT\reports\produksi\cetaksop_byprodetail.rpt:Division by zero.
07/06/2021, 16:35:36, 4, 0, G:\GIT ANT\reports\produksi\cetaksop_byprodetail.rpt:Division by zero.
07/06/2021, 16:40:57, 4, 0, G:\GIT ANT\reports\produksi\cetaksop_byprodetail.rpt:Division by zero.
07/06/2021, 16:40:57, 4, 0, G:\GIT ANT\reports\produksi\cetaksop_byprodetail.rpt:Division by zero.
08/03/21, 09:00:31, 4, 0, G:\GIT ANT\reports\produksi\cetak_wip.rpt:Server has not yet been opened.
26/08/2021, 10:30:57, 4, 0, G:\GIT ANT\reports\finance\sale\payment_detail.rpt:Server has not yet been opened.
26/08/2021, 10:59:11, 4, 0, G:\GIT ANT\reports\finance\sale\payment_detail.rpt:Server has not yet been opened.
09/17/21, 16:30:29, 4, 0, G:\GIT ANT\reports\finance\sale\piutang_mutasi.rpt:Error detected by database DLL.
17/09/2021, 16:31:49, 4, 0, G:\GIT ANT\reports\finance\sale\piutang_mutasi.rpt:Error detected by database DLL.
17/09/2021, 16:32:32, 4, 0, G:\GIT ANT\reports\finance\sale\piutang_mutasi_area.rpt:Error detected by database DLL.
18/10/2021, 10:11:07, 4, 0, :File not found.
18/10/2021, 10:11:07, 4, 0, :File not found.
18/10/2021, 13:21:56, 4, 0, :File not found.
18/10/2021, 13:21:56, 4, 0, :File not found.
11/11/2021, 14:17:30, 4, 0, G:\GIT ANT\reports\finance\purc\voucher_detail.rpt:Error detected by database DLL.
11/11/2021, 14:17:53, 4, 0, G:\GIT ANT\reports\finance\purc\voucher_lpb.rpt:Error detected by database DLL.
08/12/2021, 13:36:02, 4, 0, G:\GIT ANT\reports\produksi\cetak_sop.rpt:Error starting print job. Please check your printer or network connection.
08/12/2021, 13:38:24, 4, 0, G:\GIT ANT\reports\produksi\cetak_sop.rpt:Error starting print job. Please check your printer or network connection.
19/01/2022, 15:51:49, 4, 0, G:\GIT ANT\reports\finance\sale\piutang_kartu.rpt:Error detected by database DLL.
19/01/2022, 15:52:05, 4, 0, G:\GIT ANT\reports\finance\sale\piutang_kartu.rpt:Error detected by database DLL.
09/02/2022, 15:59:24, 4, 0, G:\GIT ANT\reports\produksi\cetaksop_byprodetail.rpt:Division by zero.
09/02/2022, 15:59:24, 4, 0, G:\GIT ANT\reports\produksi\cetaksop_byprodetail.rpt:Division by zero.
09/02/2022, 16:31:12, 4, 0, G:\GIT ANT\reports\produksi\cetaksop_byprodetail.rpt:Division by zero.
09/02/2022, 16:31:12, 4, 0, G:\GIT ANT\reports\produksi\cetaksop_byprodetail.rpt:Division by zero.
16/03/2022, 12:00:04, 4, 0, :File not found.
16/03/2022, 12:00:04, 4, 0, :File not found.
07/04/2022, 15:35:24, 4, 0, G:\GIT ANT\reports\finance\purc\hutang_kartupisah.rpt:Error detected by database DLL.
07/04/22, 15:42:40, 4, 0, G:\GIT ANT\ext\jkilosales.rpt:Server has not yet been opened.
19/07/2022, 10:12:10, 4, 0, :Invalid directory.
19/07/2022, 10:12:10, 4, 0, :Invalid directory.
28/07/2022, 09:14:56, 4, 0, G:\GIT ANT\reports\produksi\cetak_sop.rpt:Server has not yet been opened.
28/07/2022, 09:15:51, 4, 0, G:\GIT ANT\reports\produksi\cetak_sop.rpt:Server has not yet been opened.
28/07/2022, 09:18:48, 4, 0, G:\GIT ANT\reports\produksi\cetaksop_byprodetail.rpt:Server has not yet been opened.
05/08/2022, 13:42:21, 4, 0, G:\GIT ANT\reports\finance\sale\daftargiro.rpt:Server has not yet been opened.
05/08/2022, 13:49:18, 4, 0, G:\GIT ANT\reports\finance\sale\daftargiro.rpt:Server has not yet been opened.
25/08/2022, 09:14:22, 4, 0, G:\GIT ANT\reports\produksi\cetaksop_byprodetail.rpt:Server has not yet been opened.
14/11/2022, 22:28:58, 4, 0, G:\GIT ANT\reports\produksi\daftar_sopAkl.rpt:Server has not yet been opened.
01/12/2022, 10:48:22, 4, 0, G:\GIT ANT\reports\produksi\daftar_sopAkl.rpt:Server has not yet been opened.
01/12/2022, 13:40:37, 4, 0, G:\GIT ANT\reports\produksi\cetaksop_byprodetail.rpt:Server has not yet been opened.
02/12/2022, 13:35:27, 4, 0, G:\GIT ANT\reports\purchasing\mut\mutasi.rpt:Error detected by database DLL.
02/12/2022, 14:14:36, 4, 0, G:\GIT ANT\reports\produksi\cetaksop_byprodetail.rpt:Error detected by database DLL.
05/12/2022, 12:37:32, 4, 0, G:\GIT ANT\reports\produksi\cetaksop_byprodetail.rpt:Error detected by database DLL.
12/01/2023, 16:03:46, 4, 0, G:\GIT ANT\reports\produksi\cetaksop_byprodetail.rpt:Division by zero.
12/01/2023, 16:03:46, 4, 0, G:\GIT ANT\reports\produksi\cetaksop_byprodetail.rpt:Division by zero.
16/01/2023, 15:52:21, 4, 0, G:\GIT ANT\reports\produksi\cetaksop_byprodetail.rpt:Error detected by database DLL.
17/01/2023, 15:57:37, 4, 0, G:\GIT ANT\reports\produksi\cetaksop_byprodetail.rpt:Error detected by database DLL.
07/02/2023, 10:35:12, 4, 0, G:\GIT ANT\reports\produksi\daftar_sopAkl.rpt:Error detected by database DLL.
09/03/2023, 13:28:05, 4, 0, G:\GIT ANT\reports\finance\purc\pembelian_detail_confirm.rpt:Error detected by database DLL.
28/03/2023, 11:20:48, 4, 0, :Invalid directory.
28/03/2023, 11:22:50, 4, 0, :Invalid directory.
28/03/2023, 11:22:50, 4, 0, :Invalid directory.
28/03/2023, 11:24:23, 4, 0, :Invalid directory.
28/03/2023, 11:28:10, 4, 0, G:\GIT ANT\reports\Forms\itg.rpt:Server has not yet been opened.
28/03/2023, 11:28:27, 4, 0, G:\GIT ANT\reports\Forms\itg.rpt:Server has not yet been opened.
28/03/2023, 11:30:42, 4, 0, G:\GIT ANT\reports\Forms\itg.rpt:Server has not yet been opened.
28/03/2023, 12:54:30, 4, 0, G:\GIT ANT\reports\Forms\itg.rpt:Server has not yet been opened.
28/03/2023, 12:59:48, 4, 0, G:\GIT ANT\reports\Forms\itg.rpt:Server has not yet been opened.
29/03/2023, 15:18:13, 4, 0, G:\GIT ANT\reports\Forms\itg.rpt:Error detected by database DLL.
04/04/2023, 15:10:36, 4, 0, G:\GIT ANT\reports\produksi\daftar_sopAkl.rpt:Error detected by database DLL.
04/04/2023, 15:17:31, 4, 0, G:\GIT ANT\reports\produksi\daftar_sopAkl.rpt:Error detected by database DLL.
23/05/2023, 15:35:19, 4, 0, G:\GIT ANT\reports\produksi\cetaksop_byprodetail.rpt:Error detected by database DLL.
06/07/2023, 14:56:02, 4, 0, G:\GIT ANT\reports\Forms\itgall.rpt:Error detected by database DLL.
24/07/2023, 15:23:02, 4, 0, G:\GIT ANT\reports\finance\purc\hutang_sisa_byJT.rpt:Error detected by database DLL.
10/08/2023, 15:07:01, 4, 0, :File not found.
10/08/2023, 15:07:01, 4, 0, :File not found.
10/08/2023, 15:08:17, 4, 0, :File not found.
10/08/2023, 15:08:17, 4, 0, :File not found.
05/10/2023, 15:27:13, 4, 0, G:\GIT ANT\reports\Forms\itgall.rpt:Error detected by database DLL.
30/11/2023, 16:23:39, 4, 0, G:\GIT ANT\reports\purchasing\mut\mutasi.rpt:Error detected by database DLL.
01/12/2023, 10:44:16, 4, 0, G:\GIT ANT\reports\sale\inv\invoice.rpt:The file is in use by another application.
01/12/2023, 15:19:28, 4, 0, G:\GIT ANT\reports\produksi\cetaksop_byprodetail.rpt:Error detected by database DLL.
01/12/2023, 15:19:40, 4, 0, G:\GIT ANT\reports\produksi\cetaksop_byprodetail.rpt:Error detected by database DLL.
02/01/2024, 10:16:06, 4, 0, G:\GIT ANT\reports\sale\inv\jsales_kategori.rpt:Server has not yet been opened.
02/01/2024, 10:16:40, 4, 0, G:\GIT ANT\reports\sale\inv\jsales_kategori.rpt:Server has not yet been opened.
02/01/2024, 10:21:01, 4, 0, G:\GIT ANT\reports\sale\inv\jsales_kategori.rpt:Server has not yet been opened.
02/01/2024, 11:25:48, 4, 0, G:\GIT ANT\reports\sale\inv\jsales_kategori.rpt:Server has not yet been opened.
04/01/2024, 14:03:43, 4, 0, G:\GIT ANT\reports\produksi\cetaksop_byprodetail.rpt:Division by zero.
04/01/2024, 14:03:43, 4, 0, G:\GIT ANT\reports\produksi\cetaksop_byprodetail.rpt:Division by zero.
04/01/2024, 14:03:43, 4, 0, G:\GIT ANT\reports\produksi\cetaksop_byprodetail.rpt:Division by zero.
04/01/2024, 14:03:43, 4, 0, G:\GIT ANT\reports\produksi\cetaksop_byprodetail.rpt:Division by zero.
04/01/2024, 14:03:44, 4, 0, G:\GIT ANT\reports\produksi\cetaksop_byprodetail.rpt:Division by zero.
04/01/2024, 14:03:44, 4, 0, G:\GIT ANT\reports\produksi\cetaksop_byprodetail.rpt:Division by zero.
04/01/2024, 14:03:44, 4, 0, G:\GIT ANT\reports\produksi\cetaksop_byprodetail.rpt:Division by zero.
04/01/2024, 14:03:44, 4, 0, G:\GIT ANT\reports\produksi\cetaksop_byprodetail.rpt:Division by zero.
08/01/2024, 15:03:41, 4, 0, G:\GIT ANT\reports\Forms\itgall.rpt:Error detected by database DLL.
19/01/2024, 16:34:19, 4, 0, G:\GIT ANT\reports\purchasing\mut\mutasi.rpt:Error detected by database DLL.
30/01/2024, 12:05:46, 4, 0, G:\GIT ANT\reports\sale\mut\daftarlot_detail.rpt:Error detected by database DLL.
30/01/2024, 12:10:27, 4, 0, G:\GIT ANT\reports\sale\mut\daftarlot_detail.rpt:Error detected by database DLL.
30/01/2024, 15:55:34, 4, 0, G:\GIT ANT\reports\sale\mut\daftarlot_detail.rpt:Error detected by database DLL.
30/01/2024, 15:56:17, 4, 0, G:\GIT ANT\reports\sale\mut\daftarlot_detail.rpt:Error detected by database DLL.
31/01/2024, 12:34:32, 4, 0, G:\GIT ANT\reports\produksi\cetaksop_byprodetail.rpt:Error detected by database DLL.
06/02/2024, 13:09:29, 4, 0, G:\GIT ANT\reports\purchasing\purc\listnotapermintaan.rpt:Error detected by database DLL.
21/02/2024, 13:21:00, 4, 0, G:\GIT ANT\reports\gl\report\ledger02.rpt:Error detected by database DLL.
22/02/2024, 13:23:55, 4, 0, G:\GIT ANT\reports\produksi\daftar_sop_detailkl.rpt:Error detected by database DLL.
29/02/2024, 15:18:53, 4, 0, G:\GIT ANT\reports\produksi\cetaksop_byprodetail.rpt:Error detected by database DLL.
29/02/2024, 15:19:27, 4, 0, G:\GIT ANT\reports\produksi\cetaksop_byprodetail.rpt:Error detected by database DLL.
05/03/2024, 13:15:01, 4, 0, :File not found.
05/03/2024, 13:15:01, 4, 0, :File not found.
13/05/2024, 16:25:03, 4, 0, G:\GIT ANT\reports\produksi\daftar_sop_detailkl.rpt:Error detected by database DLL.
21/05/2024, 11:10:56, 4, 0, G:\GIT ANT\reports\finance\purc\hutang_sisa.rpt:Error detected by database DLL.
21/05/2024, 11:12:17, 4, 0, G:\GIT ANT\reports\finance\purc\hutang_sisa.rpt:Error detected by database DLL.
21/05/2024, 15:37:05, 4, 0, G:\GIT ANT\reports\finance\purc\hutang_sisa.rpt:Error detected by database DLL.
04/06/2024, 13:17:52, 4, 0, :Invalid directory.
04/06/2024, 13:17:52, 4, 0, :Invalid directory.
04/06/2024, 13:20:02, 4, 0, :Invalid directory.
04/06/2024, 13:20:02, 4, 0, :Invalid directory.
04/06/2024, 13:20:50, 4, 0, :Invalid directory.
04/06/2024, 13:22:25, 4, 0, :Invalid directory.
04/06/2024, 13:22:25, 4, 0, :Invalid directory.
04/06/2024, 16:21:46, 4, 0, G:\GIT ANT\reports\purchasing\purc\listnotapermintaan.rpt:Error detected by database DLL.
04/06/2024, 16:23:19, 4, 0, G:\GIT ANT\reports\purchasing\purc\listnotapermintaan.rpt:Error detected by database DLL.
04/06/2024, 16:28:20, 4, 0, G:\GIT ANT\reports\purchasing\purc\listnotapermintaan.rpt:Error detected by database DLL.
05/06/2024, 14:31:26, 4, 0, :Invalid directory.
05/06/2024, 14:31:26, 4, 0, :Invalid directory.
11/07/2024, 16:21:07, 4, 0, :Invalid directory.
11/07/2024, 16:21:07, 4, 0, :Invalid directory.
11/07/2024, 16:21:40, 4, 0, :Invalid directory.
14/08/2024, 11:23:19, 4, 0, G:\GIT ANT\reports\produksi\cetaksop_byprodetail.rpt:Division by zero.
14/08/2024, 11:24:37, 4, 0, G:\GIT ANT\reports\produksi\cetaksop_byprodetail.rpt:Division by zero.
15/08/2024, 16:37:37, 4, 0, G:\GIT ANT\reports\sale\tbl\listitem.rpt:Error detected by database DLL.
16/08/2024, 16:41:59, 4, 0, G:\GIT ANT\reports\produksi\cetak_sop.rpt:SQL server error.
16/08/2024, 16:42:14, 4, 0, G:\GIT ANT\reports\produksi\cetak_sop.rpt:SQL server error.
19/08/2024, 10:40:56, 4, 0, G:\GIT ANT\reports\produksi\cetak_sop.rpt:SQL server error.
23/08/2024, 13:25:16, 4, 0, G:\GIT ANT\reports\sale\inv\invoice.rpt:Error detected by database DLL.
23/08/2024, 13:25:44, 4, 0, G:\GIT ANT\reports\sale\inv\invoice.rpt:Error detected by database DLL.
06/09/2024, 13:57:46, 4, 0, :Invalid directory.
06/09/2024, 13:57:46, 4, 0, :Invalid directory.
12/09/2024, 14:34:48, 4, 0, G:\GIT ANT\reports\finance\sale\piutang_sisa_P.rpt:Error detected by database DLL.
27/12/2024, 13:28:51, 4, 0, G:\GIT ANT\reports\produksi\cetaksop_byprodetail.rpt:Error detected by database DLL.
27/12/2024, 13:54:34, 4, 0, G:\GIT ANT\reports\produksi\cetaksop_byprodetail.rpt:Error detected by database DLL.
30/12/2024, 15:27:30, 4, 0, G:\GIT ANT\reports\produksi\cetaksop_byprodetail.rpt:Error detected by database DLL.
09/01/2025, 13:52:50, 4, 0, G:\GIT ANT\reports\sale\mut\daftarmutasi.rpt:Error detected by database DLL.
