Line 439: Class MSHierarchicalFlexGridLib.MSHFlexGrid of control grid was not a loaded control class.
Line 516: Class akProgress.akProgressBar of control pro1 was not a loaded control class.
Line 540: Class Chameleon.chameleonButton of control cmdproses1 was not a loaded control class.
Line 578: Class akProgress.akProgressBar of control pro2 was not a loaded control class.
Line 602: Class MSHierarchicalFlexGridLib.MSHFlexGrid of control grid2 was not a loaded control class.
Line 635: Class Chameleon.chameleonButton of control cmdproses2 was not a loaded control class.
Line 673: Class Chameleon.chameleonButton of control cmdmanual was not a loaded control class.
Line 793: Class Chameleon.chameleonButton of control cmdadd was not a loaded control class.
Line 934: Class Chameleon.chameleonButton of control cmdadd1 was not a loaded control class.
Line 1016: Class akProgress.akProgressBar of control pro3 was not a loaded control class.
Line 1040: Class Chameleon.chameleonButton of control cmdproses3 was not a loaded control class.
Line 1078: Class MSHierarchicalFlexGridLib.MSHFlexGrid of control grid1 was not a loaded control class.
Line 1111: Class Chameleon.chameleonButton of control cmdsearch1 was not a loaded control class.
Line 1150: Class Chameleon.chameleonButton of control cmdsearch2 was not a loaded control class.
Line 1189: Class Chameleon.chameleonButton of control cmdsearch3 was not a loaded control class.
Line 1228: Class Chameleon.chameleonButton of control cmdsearch4 was not a loaded control class.
Line 1267: Class Chameleon.chameleonButton of control cmdverify was not a loaded control class.
Line 1541: Class Chameleon.chameleonButton of control cmdverifykoreksi was not a loaded control class.
Line 1579: Class MSHierarchicalFlexGridLib.MSHFlexGrid of control grid3 was not a loaded control class.
Line 1845: Class Chameleon.chameleonButton of control cmdclose was not a loaded control class.
Line 1941: Class Chameleon.chameleonButton of control cmdsearch was not a loaded control class.
